2024-04-11 12:13:17.635 [INFO] com.bugapi.BugTrackingSystemApplicationTests [main] Starting BugTrackingSystemApplicationTests using Java 17.0.4.1 with PID 8160 (started by skundana in C:\Users\skundana\Downloads\Bug-Tracking-system\Bug-Tracking-system)
2024-04-11 12:13:17.649 [INFO] com.bugapi.BugTrackingSystemApplicationTests [main] No active profile set, falling back to 1 default profile: "default"
2024-04-11 12:13:18.292 [WARN] org.mybatis.spring.mapper.ClassPathMapperScanner [main] No MyBatis mapper was found in '[com.bugapi.mapper]' package. Please check your configuration.
2024-04-11 12:13:18.619 [INFO] org.springframework.data.repository.config.RepositoryConfigurationDelegate [main] Bootstrapping Spring Data JPA repositories in DEFAULT mode.
2024-04-11 12:13:18.690 [INFO] org.springframework.data.repository.config.RepositoryConfigurationDelegate [main] Finished Spring Data repository scanning in 60 ms. Found 1 JPA repository interface.
2024-04-11 12:13:19.274 [INFO] org.hibernate.jpa.internal.util.LogHelper [main] HHH000204: Processing PersistenceUnitInfo [name: default]
2024-04-11 12:13:19.380 [INFO] org.hibernate.Version [main] HHH000412: Hibernate ORM core version 6.3.1.Final
2024-04-11 12:13:19.434 [INFO] org.hibernate.cache.internal.RegionFactoryInitiator [main] HHH000026: Second-level cache disabled
2024-04-11 12:13:19.801 [INFO] org.springframework.orm.jpa.persistenceunit.SpringPersistenceUnitInfo [main] No LoadTimeWeaver setup: ignoring JPA class transformer
2024-04-11 12:13:19.830 [INFO] com.zaxxer.hikari.HikariDataSource [main] HikariPool-1 - Starting...
2024-04-11 12:13:20.090 [INFO] com.zaxxer.hikari.pool.HikariPool [main] HikariPool-1 - Added connection org.postgresql.jdbc.PgConnection@5bb97fe7
2024-04-11 12:13:20.092 [INFO] com.zaxxer.hikari.HikariDataSource [main] HikariPool-1 - Start completed.
2024-04-11 12:13:21.195 [INFO] org.hibernate.engine.transaction.jta.platform.internal.JtaPlatformInitiator [main] HHH000489: No JTA platform available (set 'hibernate.transaction.jta.platform' to enable JTA platform integration)
2024-04-11 12:13:21.273 [INFO] org.springframework.orm.jpa.LocalContainerEntityManagerFactoryBean [main] Initialized JPA EntityManagerFactory for persistence unit 'default'
2024-04-11 12:13:22.535 [INFO] com.bugapi.BugTrackingSystemApplicationTests [main] Started BugTrackingSystemApplicationTests in 5.237 seconds (process running for 6.466)
2024-04-11 12:13:23.316 [INFO] org.springframework.orm.jpa.LocalContainerEntityManagerFactoryBean [SpringApplicationShutdownHook] Closing JPA EntityManagerFactory for persistence unit 'default'
2024-04-11 12:13:23.319 [INFO] com.zaxxer.hikari.HikariDataSource [SpringApplicationShutdownHook] HikariPool-1 - Shutdown initiated...
2024-04-11 12:13:23.323 [INFO] com.zaxxer.hikari.HikariDataSource [SpringApplicationShutdownHook] HikariPool-1 - Shutdown completed.
2024-04-11 12:16:19.966 [INFO] com.bugapi.BugTrackingSystemApplicationTests [main] Starting BugTrackingSystemApplicationTests using Java 17.0.4.1 with PID 24260 (started by skundana in C:\Users\skundana\Downloads\Bug-Tracking-system\Bug-Tracking-system)
2024-04-11 12:16:19.969 [INFO] com.bugapi.BugTrackingSystemApplicationTests [main] No active profile set, falling back to 1 default profile: "default"
2024-04-11 12:16:20.595 [WARN] org.mybatis.spring.mapper.ClassPathMapperScanner [main] No MyBatis mapper was found in '[com.bugapi.mapper]' package. Please check your configuration.
2024-04-11 12:16:20.857 [INFO] org.springframework.data.repository.config.RepositoryConfigurationDelegate [main] Bootstrapping Spring Data JPA repositories in DEFAULT mode.
2024-04-11 12:16:20.918 [INFO] org.springframework.data.repository.config.RepositoryConfigurationDelegate [main] Finished Spring Data repository scanning in 50 ms. Found 1 JPA repository interface.
2024-04-11 12:16:21.438 [INFO] org.hibernate.jpa.internal.util.LogHelper [main] HHH000204: Processing PersistenceUnitInfo [name: default]
2024-04-11 12:16:21.538 [INFO] org.hibernate.Version [main] HHH000412: Hibernate ORM core version 6.3.1.Final
2024-04-11 12:16:21.587 [INFO] org.hibernate.cache.internal.RegionFactoryInitiator [main] HHH000026: Second-level cache disabled
2024-04-11 12:16:21.906 [INFO] org.springframework.orm.jpa.persistenceunit.SpringPersistenceUnitInfo [main] No LoadTimeWeaver setup: ignoring JPA class transformer
2024-04-11 12:16:21.938 [INFO] com.zaxxer.hikari.HikariDataSource [main] HikariPool-1 - Starting...
2024-04-11 12:16:22.206 [INFO] com.zaxxer.hikari.pool.HikariPool [main] HikariPool-1 - Added connection org.postgresql.jdbc.PgConnection@30af23fd
2024-04-11 12:16:22.208 [INFO] com.zaxxer.hikari.HikariDataSource [main] HikariPool-1 - Start completed.
2024-04-11 12:16:23.328 [INFO] org.hibernate.engine.transaction.jta.platform.internal.JtaPlatformInitiator [main] HHH000489: No JTA platform available (set 'hibernate.transaction.jta.platform' to enable JTA platform integration)
2024-04-11 12:16:23.369 [INFO] org.springframework.orm.jpa.LocalContainerEntityManagerFactoryBean [main] Initialized JPA EntityManagerFactory for persistence unit 'default'
2024-04-11 12:16:24.508 [INFO] com.bugapi.BugTrackingSystemApplicationTests [main] Started BugTrackingSystemApplicationTests in 4.818 seconds (process running for 5.968)
2024-04-11 12:16:25.280 [INFO] org.springframework.orm.jpa.LocalContainerEntityManagerFactoryBean [SpringApplicationShutdownHook] Closing JPA EntityManagerFactory for persistence unit 'default'
2024-04-11 12:16:25.283 [INFO] com.zaxxer.hikari.HikariDataSource [SpringApplicationShutdownHook] HikariPool-1 - Shutdown initiated...
2024-04-11 12:16:25.287 [INFO] com.zaxxer.hikari.HikariDataSource [SpringApplicationShutdownHook] HikariPool-1 - Shutdown completed.
